Arguments: 
  /Users/lachlanmiller/.nvm/versions/node/v8.11.2/bin/node /usr/local/Cellar/yarn/1.7.0/libexec/bin/yarn.js add --dev webpack-dev-server@2.11.2

PATH: 
  /Users/lachlanmiller/.rvm/gems/ruby-2.4.1/bin:/Users/lachlanmiller/.rvm/gems/ruby-2.4.1@global/bin:/Users/lachlanmiller/.rvm/rubies/ruby-2.4.1/bin:/Users/lachlanmiller/.rvm/bin:/Users/lachlanmiller/.nvm/versions/node/v8.11.2/bin:/usr/local/bin:/usr/bin:/bin:/usr/sbin:/sbin:/Applications/Postgres.app/Contents/Versions/latest/bin:/opt/yarn-[version]/bin:/usr/local/mysql/bin

Yarn version: 
  1.7.0

Node version: 
  8.11.2

Platform: 
  darwin x64

Trace: 
  SyntaxError: /Users/lachlanmiller/gamblor/web/package.json: Unexpected end of JSON input
      at JSON.parse (<anonymous>)
      at /usr/local/Cellar/yarn/1.7.0/libexec/lib/cli.js:1130:59
      at Generator.next (<anonymous>)
      at step (/usr/local/Cellar/yarn/1.7.0/libexec/lib/cli.js:98:30)
      at /usr/local/Cellar/yarn/1.7.0/libexec/lib/cli.js:109:13
      at <anonymous>

npm manifest: 
  

yarn manifest: 
  No manifest

Lockfile: 
  No lockfile
